<?xml version="1.0" encoding="UTF-8"?>
<!-- Generated by org.testng.reporters.JUnitReportReporter -->
<testsuite hostname="DESKTOP-6K6D6KB" failures="0" tests="2" name="mallikarjunaSelenium.mallikarjunaSelenium.Annotations4" time="0.003" errors="0" timestamp="26 Mar 2020 12:07:21 GMT">
  <testcase classname="mallikarjunaSelenium.mallikarjunaSelenium.Annotations4" name="annotation4Test1" time="0.002"/>
  <testcase classname="mallikarjunaSelenium.mallikarjunaSelenium.Annotations4" name="annotation4Test3" time="0.001"/>
</testsuite> <!-- mallikarjunaSelenium.mallikarjunaSelenium.Annotations4 -->
