<?xml version="1.0" encoding="UTF-8"?>
<!-- Generated by org.testng.reporters.JUnitReportReporter -->
<testsuite hostname="DESKTOP-6K6D6KB" failures="0" tests="1" name="mallikarjunaSelenium.mallikarjunaSelenium.NewTest2" time="8.654" errors="0" timestamp="7 Apr 2020 10:51:03 GMT">
  <testcase classname="mallikarjunaSelenium.mallikarjunaSelenium.NewTest2" name="openGoogleChrome2" time="8.654"/>
</testsuite> <!-- mallikarjunaSelenium.mallikarjunaSelenium.NewTest2 -->
