<?xml version="1.0" encoding="UTF-8"?>
<!-- Generated by org.testng.reporters.JUnitReportReporter -->
<testsuite hostname="DESKTOP-6K6D6KB" failures="0" tests="1" name="mallikarjunaSelenium.NewTest" time="0.020" errors="0" timestamp="26 Mar 2020 05:36:40 GMT">
  <testcase classname="mallikarjunaSelenium.NewTest" name="f" time="0.020"/>
</testsuite> <!-- mallikarjunaSelenium.NewTest -->
