<?xml version="1.0" encoding="UTF-8"?>
<!-- Generated by org.testng.reporters.JUnitReportReporter -->
<testsuite hostname="DESKTOP-6K6D6KB" failures="0" tests="4" name="mallikarjunaSelenium.mallikarjunaSelenium.NewTest1" time="39.155" errors="0" timestamp="26 Mar 2020 07:43:42 GMT">
  <testcase classname="mallikarjunaSelenium.mallikarjunaSelenium.NewTest1" name="leelaOpenGoogleChrome4" time="9.508"/>
  <testcase classname="mallikarjunaSelenium.mallikarjunaSelenium.NewTest1" name="leelaOpenGoogleChrome5" time="9.480"/>
  <testcase classname="mallikarjunaSelenium.mallikarjunaSelenium.NewTest1" name="openGoogleChrome1" time="9.569"/>
  <testcase classname="mallikarjunaSelenium.mallikarjunaSelenium.NewTest1" name="leelaOpenGoogleChrome2" time="10.598"/>
</testsuite> <!-- mallikarjunaSelenium.mallikarjunaSelenium.NewTest1 -->
