<?xml version="1.0" encoding="UTF-8"?>
<!-- Generated by org.testng.reporters.JUnitReportReporter -->
<testsuite hostname="DESKTOP-6K6D6KB" failures="0" tests="1" name="mallikarjunaSelenium.mallikarjunaSelenium.GlopalParaDemo" time="0.025" errors="0" timestamp="27 Mar 2020 05:49:07 GMT">
  <testcase classname="mallikarjunaSelenium.mallikarjunaSelenium.GlopalParaDemo" name="login" time="0.025"/>
</testsuite> <!-- mallikarjunaSelenium.mallikarjunaSelenium.GlopalParaDemo -->
