<?xml version="1.0" encoding="UTF-8"?>
<!-- Generated by org.testng.reporters.JUnitReportReporter -->
<testsuite hostname="DESKTOP-6K6D6KB" failures="0" tests="2" name="mallikarjunaSelenium.mallikarjunaSelenium.ReuseTest" time="26.173" errors="0" timestamp="27 Mar 2020 06:18:22 GMT">
  <testcase classname="mallikarjunaSelenium.mallikarjunaSelenium.ReuseTest" name="openBrowser" time="9.831"/>
  <testcase classname="mallikarjunaSelenium.mallikarjunaSelenium.ReuseTest" name="login" time="16.342"/>
</testsuite> <!-- mallikarjunaSelenium.mallikarjunaSelenium.ReuseTest -->
