<?xml version="1.0" encoding="UTF-8"?>
<!-- Generated by org.testng.reporters.JUnitReportReporter -->
<testsuite hostname="DESKTOP-6K6D6KB" failures="0" tests="5" name="mallikarjunaSelenium.mallikarjunaSelenium.Annotations3" time="0.023" errors="0" timestamp="7 Apr 2020 10:51:03 GMT">
  <testcase classname="mallikarjunaSelenium.mallikarjunaSelenium.Annotations3" name="annotation3Test4" time="0.001"/>
  <testcase classname="mallikarjunaSelenium.mallikarjunaSelenium.Annotations3" name="annotation3Test9" time="0.007"/>
  <testcase classname="mallikarjunaSelenium.mallikarjunaSelenium.Annotations3" name="annotation3Test6" time="0.006"/>
  <testcase classname="mallikarjunaSelenium.mallikarjunaSelenium.Annotations3" name="annotation3Test2" time="0.003"/>
  <testcase classname="mallikarjunaSelenium.mallikarjunaSelenium.Annotations3" name="annotation3Test99" time="0.006"/>
</testsuite> <!-- mallikarjunaSelenium.mallikarjunaSelenium.Annotations3 -->
