<?xml version="1.0" encoding="UTF-8"?>
<!-- Generated by org.testng.reporters.JUnitReportReporter -->
<testsuite hostname="DESKTOP-6K6D6KB" failures="0" tests="2" name="mallikarjunaSelenium.mallikarjunaSelenium.Annotations2" time="0.029" errors="0" timestamp="7 Apr 2020 10:51:03 GMT">
  <testcase classname="mallikarjunaSelenium.mallikarjunaSelenium.Annotations2" name="test1" time="0.020"/>
  <testcase classname="mallikarjunaSelenium.mallikarjunaSelenium.Annotations2" name="test2" time="0.009"/>
</testsuite> <!-- mallikarjunaSelenium.mallikarjunaSelenium.Annotations2 -->
