<?xml version="1.0" encoding="UTF-8"?>
<!-- Generated by org.testng.reporters.JUnitReportReporter -->
<testsuite hostname="DESKTOP-6K6D6KB" failures="0" tests="3" name="mallikarjunaSelenium.mallikarjunaSelenium.NewTest" time="0.027" errors="0" timestamp="26 Mar 2020 14:37:14 GMT">
  <testcase classname="mallikarjunaSelenium.mallikarjunaSelenium.NewTest" name="login" time="0.002"/>
  <testcase classname="mallikarjunaSelenium.mallikarjunaSelenium.NewTest" name="login" time="0.001"/>
  <testcase classname="mallikarjunaSelenium.mallikarjunaSelenium.NewTest" name="login" time="0.024"/>
</testsuite> <!-- mallikarjunaSelenium.mallikarjunaSelenium.NewTest -->
