<?xml version="1.0" encoding="UTF-8"?>
<!-- Generated by org.testng.reporters.JUnitReportReporter -->
<testsuite hostname="DESKTOP-6K6D6KB" failures="0" tests="1" name="mallikarjunaSelenium.mallikarjunaSelenium.OldTest5" time="10.932" errors="0" timestamp="26 Mar 2020 07:00:42 GMT">
  <testcase classname="mallikarjunaSelenium.mallikarjunaSelenium.OldTest5" name="openGoogleChrome1" time="10.932"/>
</testsuite> <!-- mallikarjunaSelenium.mallikarjunaSelenium.OldTest5 -->
